This is pdfTeX, Version 3.14159265-2.6-1.40.21 (MiKTeX 21.1) (preloaded format=pdflatex 2021.1.25)  16 OCT 2021 10:48
entering extended mode
**"c:/Users/StefanoFochesatto/School Work/HomeworkFall2021/Scientific Sampling/HW#6/Homework #6.tex"
("c:/Users/StefanoFochesatto/School Work/HomeworkFall2021/Scientific Sampling/HW#6/Homework #6.tex"
LaTeX2e <2020-10-01> patch level 4
L3 programming layer <2021-01-09> xparse <2020-03-03> (C:\Users\StefanoFochesatto\AppData\Local\Programs\MiKTeX\tex/latex/base\article.cls
Document Class: article 2020/04/10 v1.4m Standard LaTeX document class
(C:\Users\StefanoFochesatto\AppData\Local\Programs\MiKTeX\tex/latex/base\size12.clo
File: size12.clo 2020/04/10 v1.4m Standard LaTeX file (size option)
)
\c@part=\count177
\c@section=\count178
\c@subsection=\count179
\c@subsubsection=\count180
\c@paragraph=\count181
\c@subparagraph=\count182
\c@figure=\count183
\c@table=\count184
\abovecaptionskip=\skip47
\belowcaptionskip=\skip48
\bibindent=\dimen138
) (C:\Users\StefanoFochesatto\AppData\Local\Programs\MiKTeX\tex/latex/amsfonts\amssymb.sty
Package: amssymb 2013/01/14 v3.01 AMS font symbols
 (C:\Users\StefanoFochesatto\AppData\Local\Programs\MiKTeX\tex/latex/amsfonts\amsfonts.sty
Package: amsfonts 2013/01/14 v3.01 Basic AMSFonts support
\@emptytoks=\toks15
\symAMSa=\mathgroup4
\symAMSb=\mathgroup5
LaTeX Font Info:    Redeclaring math symbol \hbar on input line 98.
LaTeX Font Info:    Overwriting math alphabet `\mathfrak' in version `bold'
(Font)                  U/euf/m/n --> U/euf/b/n on input line 106.
)) (C:\Users\StefanoFochesatto\AppData\Local\Programs\MiKTeX\tex/latex/amsmath\amsmath.sty
Package: amsmath 2020/09/23 v2.17i AMS math features
\@mathmargin=\skip49

For additional information on amsmath, use the `?' option.
(C:\Users\StefanoFochesatto\AppData\Local\Programs\MiKTeX\tex/latex/amsmath\amstext.sty
Package: amstext 2000/06/29 v2.01 AMS text
 (C:\Users\StefanoFochesatto\AppData\Local\Programs\MiKTeX\tex/latex/amsmath\amsgen.sty
File: amsgen.sty 1999/11/30 v2.0 generic functions
\@emptytoks=\toks16
\ex@=\dimen139
)) (C:\Users\StefanoFochesatto\AppData\Local\Programs\MiKTeX\tex/latex/amsmath\amsbsy.sty
Package: amsbsy 1999/11/29 v1.2d Bold Symbols
\pmbraise@=\dimen140
) (C:\Users\StefanoFochesatto\AppData\Local\Programs\MiKTeX\tex/latex/amsmath\amsopn.sty
Package: amsopn 2016/03/08 v2.02 operator names
)
\inf@bad=\count185
LaTeX Info: Redefining \frac on input line 234.
\uproot@=\count186
\leftroot@=\count187
LaTeX Info: Redefining \overline on input line 399.
\classnum@=\count188
\DOTSCASE@=\count189
LaTeX Info: Redefining \ldots on input line 496.
LaTeX Info: Redefining \dots on input line 499.
LaTeX Info: Redefining \cdots on input line 620.
\Mathstrutbox@=\box47
\strutbox@=\box48
\big@size=\dimen141
LaTeX Font Info:    Redeclaring font encoding OML on input line 743.
LaTeX Font Info:    Redeclaring font encoding OMS on input line 744.
\macc@depth=\count190
\c@MaxMatrixCols=\count191
\dotsspace@=\muskip16
\c@parentequation=\count192
\dspbrk@lvl=\count193
\tag@help=\toks17
\row@=\count194
\column@=\count195
\maxfields@=\count196
\andhelp@=\toks18
\eqnshift@=\dimen142
\alignsep@=\dimen143
\tagshift@=\dimen144
\tagwidth@=\dimen145
\totwidth@=\dimen146
\lineht@=\dimen147
\@envbody=\toks19
\multlinegap=\skip50
\multlinetaggap=\skip51
\mathdisplay@stack=\toks20
LaTeX Info: Redefining \[ on input line 2923.
LaTeX Info: Redefining \] on input line 2924.
) (C:\Users\StefanoFochesatto\AppData\Local\Programs\MiKTeX\tex/latex/amscls\amsthm.sty
Package: amsthm 2020/05/29 v2.20.6
\thm@style=\toks21
\thm@bodyfont=\toks22
\thm@headfont=\toks23
\thm@notefont=\toks24
\thm@headpunct=\toks25
\thm@preskip=\skip52
\thm@postskip=\skip53
\thm@headsep=\skip54
\dth@everypar=\toks26
) (C:\Users\StefanoFochesatto\AppData\Local\Programs\MiKTeX\tex/latex/geometry\geometry.sty
Package: geometry 2020/01/02 v5.9 Page Geometry
 (C:\Users\StefanoFochesatto\AppData\Local\Programs\MiKTeX\tex/latex/graphics\keyval.sty
Package: keyval 2014/10/28 v1.15 key=value parser (DPC)
\KV@toks@=\toks27
) (C:\Users\StefanoFochesatto\AppData\Local\Programs\MiKTeX\tex/generic/iftex\ifvtex.sty
Package: ifvtex 2019/10/25 v1.7 ifvtex legacy package. Use iftex instead.
 (C:\Users\StefanoFochesatto\AppData\Local\Programs\MiKTeX\tex/generic/iftex\iftex.sty
Package: iftex 2020/03/06 v1.0d TeX engine tests
))
\Gm@cnth=\count197
\Gm@cntv=\count198
\c@Gm@tempcnt=\count199
\Gm@bindingoffset=\dimen148
\Gm@wd@mp=\dimen149
\Gm@odd@mp=\dimen150
\Gm@even@mp=\dimen151
\Gm@layoutwidth=\dimen152
\Gm@layoutheight=\dimen153
\Gm@layouthoffset=\dimen154
\Gm@layoutvoffset=\dimen155
\Gm@dimlist=\toks28
 (C:\Users\StefanoFochesatto\AppData\Local\Programs\MiKTeX\tex/latex/geometry\geometry.cfg)) (C:\Users\StefanoFochesatto\AppData\Local\Programs\MiKTeX\tex/latex/fancyhdr\fancyhdr.sty
Package: fancyhdr 2021/01/04 v4.0 Extensive control of page headers and footers
\f@nch@headwidth=\skip55
\f@nch@O@elh=\skip56
\f@nch@O@erh=\skip57
\f@nch@O@olh=\skip58
\f@nch@O@orh=\skip59
\f@nch@O@elf=\skip60
\f@nch@O@erf=\skip61
\f@nch@O@olf=\skip62
\f@nch@O@orf=\skip63
) (C:\Users\StefanoFochesatto\AppData\Local\Programs\MiKTeX\tex/latex/latex-tools\enumerate.sty
Package: enumerate 2015/07/23 v3.00 enumerate extensions (DPC)
\@enLab=\toks29
) (C:\Users\StefanoFochesatto\AppData\Local\Programs\MiKTeX\tex/latex/listings\listings.sty
\lst@mode=\count266
\lst@gtempboxa=\box49
\lst@token=\toks30
\lst@length=\count267
\lst@currlwidth=\dimen156
\lst@column=\count268
\lst@pos=\count269
\lst@lostspace=\dimen157
\lst@width=\dimen158
\lst@newlines=\count270
\lst@lineno=\count271
\lst@maxwidth=\dimen159
 (C:\Users\StefanoFochesatto\AppData\Local\Programs\MiKTeX\tex/latex/listings\lstmisc.sty
File: lstmisc.sty 2020/03/24 1.8d (Carsten Heinz)
\c@lstnumber=\count272
\lst@skipnumbers=\count273
\lst@framebox=\box50
) (C:\Users\StefanoFochesatto\AppData\Local\Programs\MiKTeX\tex/latex/listings\listings.cfg
File: listings.cfg 2020/03/24 1.8d listings configuration
))
Package: listings 2020/03/24 1.8d (Carsten Heinz)
 (C:\Users\StefanoFochesatto\AppData\Local\Programs\MiKTeX\tex/latex/graphics\graphicx.sty
Package: graphicx 2020/09/09 v1.2b Enhanced LaTeX Graphics (DPC,SPQR)
 (C:\Users\StefanoFochesatto\AppData\Local\Programs\MiKTeX\tex/latex/graphics\graphics.sty
Package: graphics 2020/08/30 v1.4c Standard LaTeX Graphics (DPC,SPQR)
 (C:\Users\StefanoFochesatto\AppData\Local\Programs\MiKTeX\tex/latex/graphics\trig.sty
Package: trig 2016/01/03 v1.10 sin cos tan (DPC)
) (C:\Users\StefanoFochesatto\AppData\Local\Programs\MiKTeX\tex/latex/graphics-cfg\graphics.cfg
File: graphics.cfg 2016/06/04 v1.11 sample graphics configuration
)
Package graphics Info: Driver file: pdftex.def on input line 105.
 (C:\Users\StefanoFochesatto\AppData\Local\Programs\MiKTeX\tex/latex/graphics-def\pdftex.def
File: pdftex.def 2020/10/05 v1.2a Graphics/color driver for pdftex
))
\Gin@req@height=\dimen160
\Gin@req@width=\dimen161
) (C:\Users\StefanoFochesatto\AppData\Local\Programs\MiKTeX\tex/latex/float\float.sty
Package: float 2001/11/08 v1.3d Float enhancements (AL)
\c@float@type=\count274
\float@exts=\toks31
\float@box=\box51
\@float@everytoks=\toks32
\@floatcapt=\box52
) (C:\Users\StefanoFochesatto\AppData\Local\Programs\MiKTeX\tex/latex/psnfss\times.sty
Package: times 2020/03/25 PSNFSS-v9.3 (SPQR) 
) (C:\Users\StefanoFochesatto\AppData\Local\Programs\MiKTeX\tex/latex/txfonts\txfonts.sty
Package: txfonts 2008/01/22 v3.2.1
LaTeX Font Info:    Redeclaring symbol font `operators' on input line 21.
LaTeX Font Info:    Overwriting symbol font `operators' in version `normal'
(Font)                  OT1/cmr/m/n --> OT1/txr/m/n on input line 21.
LaTeX Font Info:    Overwriting symbol font `operators' in version `bold'
(Font)                  OT1/cmr/bx/n --> OT1/txr/m/n on input line 21.
LaTeX Font Info:    Overwriting symbol font `operators' in version `bold'
(Font)                  OT1/txr/m/n --> OT1/txr/bx/n on input line 22.
\symitalic=\mathgroup6
LaTeX Font Info:    Overwriting symbol font `italic' in version `bold'
(Font)                  OT1/txr/m/it --> OT1/txr/bx/it on input line 26.
LaTeX Font Info:    Redeclaring math alphabet \mathbf on input line 29.
LaTeX Font Info:    Overwriting math alphabet `\mathbf' in version `normal'
(Font)                  OT1/cmr/bx/n --> OT1/txr/bx/n on input line 29.
LaTeX Font Info:    Overwriting math alphabet `\mathbf' in version `bold'
(Font)                  OT1/cmr/bx/n --> OT1/txr/bx/n on input line 29.
LaTeX Font Info:    Redeclaring math alphabet \mathit on input line 30.
LaTeX Font Info:    Overwriting math alphabet `\mathit' in version `normal'
(Font)                  OT1/cmr/m/it --> OT1/txr/m/it on input line 30.
LaTeX Font Info:    Overwriting math alphabet `\mathit' in version `bold'
(Font)                  OT1/cmr/bx/it --> OT1/txr/m/it on input line 30.
LaTeX Font Info:    Overwriting math alphabet `\mathit' in version `bold'
(Font)                  OT1/txr/m/it --> OT1/txr/bx/it on input line 31.
LaTeX Font Info:    Redeclaring math alphabet \mathsf on input line 40.
LaTeX Font Info:    Overwriting math alphabet `\mathsf' in version `normal'
(Font)                  OT1/cmss/m/n --> OT1/txss/m/n on input line 40.
LaTeX Font Info:    Overwriting math alphabet `\mathsf' in version `bold'
(Font)                  OT1/cmss/bx/n --> OT1/txss/m/n on input line 40.
LaTeX Font Info:    Overwriting math alphabet `\mathsf' in version `bold'
(Font)                  OT1/txss/m/n --> OT1/txss/b/n on input line 41.
LaTeX Font Info:    Redeclaring math alphabet \mathtt on input line 50.
LaTeX Font Info:    Overwriting math alphabet `\mathtt' in version `normal'
(Font)                  OT1/cmtt/m/n --> OT1/txtt/m/n on input line 50.
LaTeX Font Info:    Overwriting math alphabet `\mathtt' in version `bold'
(Font)                  OT1/cmtt/m/n --> OT1/txtt/m/n on input line 50.
LaTeX Font Info:    Overwriting math alphabet `\mathtt' in version `bold'
(Font)                  OT1/txtt/m/n --> OT1/txtt/b/n on input line 51.
LaTeX Font Info:    Redeclaring symbol font `letters' on input line 58.
LaTeX Font Info:    Overwriting symbol font `letters' in version `normal'
(Font)                  OML/cmm/m/it --> OML/txmi/m/it on input line 58.
LaTeX Font Info:    Overwriting symbol font `letters' in version `bold'
(Font)                  OML/cmm/b/it --> OML/txmi/m/it on input line 58.
LaTeX Font Info:    Overwriting symbol font `letters' in version `bold'
(Font)                  OML/txmi/m/it --> OML/txmi/bx/it on input line 59.
\symlettersA=\mathgroup7
LaTeX Font Info:    Overwriting symbol font `lettersA' in version `bold'
(Font)                  U/txmia/m/it --> U/txmia/bx/it on input line 67.
LaTeX Font Info:    Redeclaring math alphabet \mathfrak on input line 70.
LaTeX Font Info:    Redeclaring symbol font `symbols' on input line 77.
LaTeX Font Info:    Overwriting symbol font `symbols' in version `normal'
(Font)                  OMS/cmsy/m/n --> OMS/txsy/m/n on input line 77.
LaTeX Font Info:    Overwriting symbol font `symbols' in version `bold'
(Font)                  OMS/cmsy/b/n --> OMS/txsy/m/n on input line 77.
LaTeX Font Info:    Overwriting symbol font `symbols' in version `bold'
(Font)                  OMS/txsy/m/n --> OMS/txsy/bx/n on input line 78.
LaTeX Font Info:    Redeclaring symbol font `AMSa' on input line 93.
LaTeX Font Info:    Overwriting symbol font `AMSa' in version `normal'
(Font)                  U/msa/m/n --> U/txsya/m/n on input line 93.
LaTeX Font Info:    Overwriting symbol font `AMSa' in version `bold'
(Font)                  U/msa/m/n --> U/txsya/m/n on input line 93.
LaTeX Font Info:    Overwriting symbol font `AMSa' in version `bold'
(Font)                  U/txsya/m/n --> U/txsya/bx/n on input line 94.
LaTeX Font Info:    Redeclaring symbol font `AMSb' on input line 102.
LaTeX Font Info:    Overwriting symbol font `AMSb' in version `normal'
(Font)                  U/msb/m/n --> U/txsyb/m/n on input line 102.
LaTeX Font Info:    Overwriting symbol font `AMSb' in version `bold'
(Font)                  U/msb/m/n --> U/txsyb/m/n on input line 102.
LaTeX Font Info:    Overwriting symbol font `AMSb' in version `bold'
(Font)                  U/txsyb/m/n --> U/txsyb/bx/n on input line 103.
\symsymbolsC=\mathgroup8
LaTeX Font Info:    Overwriting symbol font `symbolsC' in version `bold'
(Font)                  U/txsyc/m/n --> U/txsyc/bx/n on input line 113.
LaTeX Font Info:    Redeclaring symbol font `largesymbols' on input line 120.
LaTeX Font Info:    Overwriting symbol font `largesymbols' in version `normal'
(Font)                  OMX/cmex/m/n --> OMX/txex/m/n on input line 120.
LaTeX Font Info:    Overwriting symbol font `largesymbols' in version `bold'
(Font)                  OMX/cmex/m/n --> OMX/txex/m/n on input line 120.
LaTeX Font Info:    Overwriting symbol font `largesymbols' in version `bold'
(Font)                  OMX/txex/m/n --> OMX/txex/bx/n on input line 121.
\symlargesymbolsA=\mathgroup9
LaTeX Font Info:    Overwriting symbol font `largesymbolsA' in version `bold'
(Font)                  U/txexa/m/n --> U/txexa/bx/n on input line 129.
LaTeX Font Info:    Redeclaring math symbol \mathsterling on input line 164.
LaTeX Info: Redefining \not on input line 1043.
LaTeX Info: Redefining \textsquare on input line 1063.
LaTeX Info: Redefining \openbox on input line 1064.
)
LaTeX Font Info:    Trying to load font information for OT1+txr on input line 100.
 (C:\Users\StefanoFochesatto\AppData\Local\Programs\MiKTeX\tex/latex/txfonts\ot1txr.fd
File: ot1txr.fd 2000/12/15 v3.1
) (C:\Users\StefanoFochesatto\AppData\Local\Programs\MiKTeX\tex/latex/l3backend\l3backend-pdftex.def
File: l3backend-pdftex.def 2021-01-09 L3 backend support: PDF output (pdfTeX)
\l__kernel_color_stack_int=\count275
\l__pdf_internal_box=\box53
) ("c:/Users\StefanoFochesatto\School Work\HomeworkFall2021\Scientific Sampling\HW#6\Homework #6.aux")
\openout1 = `"Homework #6.aux"'.

LaTeX Font Info:    Checking defaults for OML/txmi/m/it on input line 100.
LaTeX Font Info:    Trying to load font information for OML+txmi on input line 100.
 (C:\Users\StefanoFochesatto\AppData\Local\Programs\MiKTeX\tex/latex/txfonts\omltxmi.fd
File: omltxmi.fd 2000/12/15 v3.1
)
LaTeX Font Info:    ... okay on input line 100.
LaTeX Font Info:    Checking defaults for OMS/txsy/m/n on input line 100.
LaTeX Font Info:    Trying to load font information for OMS+txsy on input line 100.
 (C:\Users\StefanoFochesatto\AppData\Local\Programs\MiKTeX\tex/latex/txfonts\omstxsy.fd
File: omstxsy.fd 2000/12/15 v3.1
)
LaTeX Font Info:    ... okay on input line 100.
LaTeX Font Info:    Checking defaults for OT1/cmr/m/n on input line 100.
LaTeX Font Info:    ... okay on input line 100.
LaTeX Font Info:    Checking defaults for T1/cmr/m/n on input line 100.
LaTeX Font Info:    ... okay on input line 100.
LaTeX Font Info:    Checking defaults for TS1/cmr/m/n on input line 100.
LaTeX Font Info:    ... okay on input line 100.
LaTeX Font Info:    Checking defaults for OMX/txex/m/n on input line 100.
LaTeX Font Info:    Trying to load font information for OMX+txex on input line 100.
 (C:\Users\StefanoFochesatto\AppData\Local\Programs\MiKTeX\tex/latex/txfonts\omxtxex.fd
File: omxtxex.fd 2000/12/15 v3.1
)
LaTeX Font Info:    ... okay on input line 100.
LaTeX Font Info:    Checking defaults for U/txexa/m/n on input line 100.
LaTeX Font Info:    Trying to load font information for U+txexa on input line 100.
 (C:\Users\StefanoFochesatto\AppData\Local\Programs\MiKTeX\tex/latex/txfonts\utxexa.fd
File: utxexa.fd 2000/12/15 v3.1
)
LaTeX Font Info:    ... okay on input line 100.

*geometry* driver: auto-detecting
*geometry* detected driver: pdftex
*geometry* verbose mode - [ preamble ] result:
* driver: pdftex
* paper: <default>
* layout: <same size as paper>
* layoutoffset:(h,v)=(0.0pt,0.0pt)
* modes: 
* h-part:(L,W,R)=(90.3375pt, 433.62001pt, 90.3375pt)
* v-part:(T,H,B)=(72.26999pt, 650.43001pt, 72.26999pt)
* \paperwidth=614.295pt
* \paperheight=794.96999pt
* \textwidth=433.62001pt
* \textheight=650.43001pt
* \oddsidemargin=18.0675pt
* \evensidemargin=18.0675pt
* \topmargin=-37.0pt
* \headheight=15.0pt
* \headsep=25.0pt
* \topskip=12.0pt
* \footskip=30.0pt
* \marginparwidth=44.0pt
* \marginparsep=10.0pt
* \columnsep=10.0pt
* \skip\footins=10.8pt plus 4.0pt minus 2.0pt
* \hoffset=0.0pt
* \voffset=0.0pt
* \mag=1000
* \@twocolumnfalse
* \@twosidefalse
* \@mparswitchfalse
* \@reversemarginfalse
* (1in=72.27pt=25.4mm, 1cm=28.453pt)

\c@lstlisting=\count276
(C:\Users\StefanoFochesatto\AppData\Local\Programs\MiKTeX\tex/context/base/mkii\supp-pdf.mkii
[Loading MPS to PDF converter (version 2006.09.02).]
\scratchcounter=\count277
\scratchdimen=\dimen162
\scratchbox=\box54
\nofMPsegments=\count278
\nofMParguments=\count279
\everyMPshowfont=\toks33
\MPscratchCnt=\count280
\MPscratchDim=\dimen163
\MPnumerator=\count281
\makeMPintoPDFobject=\count282
\everyMPtoPDFconversion=\toks34
) (C:\Users\StefanoFochesatto\AppData\Local\Programs\MiKTeX\tex/latex/epstopdf-pkg\epstopdf-base.sty
Package: epstopdf-base 2020-01-24 v2.11 Base part for package epstopdf
Package epstopdf-base Info: Redefining graphics rule for `.eps' on input line 485.
)
LaTeX Font Info:    Font shape `OT1/txr/b/n' in size <12> not available
(Font)              Font shape `OT1/txr/bx/n' tried instead on input line 102.
LaTeX Font Info:    Trying to load font information for U+txsya on input line 102.
 (C:\Users\StefanoFochesatto\AppData\Local\Programs\MiKTeX\tex/latex/txfonts\utxsya.fd
File: utxsya.fd 2000/12/15 v3.1
)
LaTeX Font Info:    Trying to load font information for U+txsyb on input line 102.
 (C:\Users\StefanoFochesatto\AppData\Local\Programs\MiKTeX\tex/latex/txfonts\utxsyb.fd
File: utxsyb.fd 2000/12/15 v3.1
)
LaTeX Font Info:    Trying to load font information for U+txmia on input line 102.
 (C:\Users\StefanoFochesatto\AppData\Local\Programs\MiKTeX\tex/latex/txfonts\utxmia.fd
File: utxmia.fd 2000/12/15 v3.1
)
LaTeX Font Info:    Trying to load font information for U+txsyc on input line 102.
 (C:\Users\StefanoFochesatto\AppData\Local\Programs\MiKTeX\tex/latex/txfonts\utxsyc.fd
File: utxsyc.fd 2000/12/15 v3.1
)
Underfull \hbox (badness 10000) in paragraph at lines 102--107

 []


Underfull \hbox (badness 10000) in paragraph at lines 108--109

 []


Underfull \hbox (badness 10000) in paragraph at lines 110--111

 []


Underfull \hbox (badness 10000) in paragraph at lines 118--119

 []

<Rplot.png, id=1, 414.04688pt x 414.04688pt>
File: Rplot.png Graphic file (type png)
<use Rplot.png>
Package pdftex.def Info: Rplot.png  used on input line 123.
(pdftex.def)             Requested size: 281.85036pt x 281.85771pt.
[1{C:/Users/StefanoFochesatto/AppData/Local/MiKTeX/pdftex/config/pdftex.map}

 <c:/Users/StefanoFochesatto/School Work/HomeworkFall2021/Scientific Sampling/HW#6/Rplot.png>]
Underfull \hbox (badness 10000) in paragraph at lines 129--131

 []

("c:/Users\StefanoFochesatto\School Work\HomeworkFall2021\Scientific Sampling\HW#6\r1.txt"
LaTeX Font Info:    Trying to load font information for OML+txr on input line 1.
 (C:\Users\StefanoFochesatto\AppData\Local\Programs\MiKTeX\tex/latex/txfonts\omltxr.fd
File: omltxr.fd 2000/12/15 v3.1
)
LaTeX Font Info:    Font shape `OML/txr/m/n' in size <12> not available
(Font)              Font shape `OML/txmi/m/it' tried instead on input line 1.
LaTeX Font Info:    Trying to load font information for TS1+txr on input line 4.
 (C:\Users\StefanoFochesatto\AppData\Local\Programs\MiKTeX\tex/latex/txfonts\ts1txr.fd
File: ts1txr.fd 2000/12/15 v3.1
)
Overfull \hbox (63.75945pt too wide) in paragraph at lines 21--22
[][][][][][][][][][][][][][][][][][][][][][][][][][][][] 
 []

)
Underfull \hbox (badness 10000) in paragraph at lines 143--144

 []

[2] ("c:/Users\StefanoFochesatto\School Work\HomeworkFall2021\Scientific Sampling\HW#6\r2.txt")
Underfull \hbox (badness 10000) in paragraph at lines 168--170

 []


Underfull \hbox (badness 10000) in paragraph at lines 181--187

 []

[3] ("c:/Users\StefanoFochesatto\School Work\HomeworkFall2021\Scientific Sampling\HW#6\r3.txt")
Underfull \hbox (badness 10000) in paragraph at lines 198--202

 []


Underfull \hbox (badness 10000) in paragraph at lines 216--221

 []


Underfull \hbox (badness 10000) in paragraph at lines 222--227

 []

[4]
Underfull \hbox (badness 10000) in paragraph at lines 227--230

 []


Overfull \hbox (1813.8022pt too wide) detected at line 246
\OML/txmi/m/it/12 pop < \OMS/txsy/m/n/12  \OML/txmi/m/it/12 c\OT1/txr/m/n/12 (8\OML/txmi/m/it/12 ; \OT1/txr/m/n/12 19\OML/txmi/m/it/12 ; \OT1/txr/m/n/12 31\OML/txmi/m/it/12 ; \OT1/txr/m/n/12 39\OML/txmi/m/it/12 ; \OT1/txr/m/n/12 51\OML/txmi/m/it/12 ; \OT1/txr/m/n/12 67\OML/txmi/m/it/12 ; \OT1/txr/m/n/12 54\OML/txmi/m/it/12 ; \OT1/txr/m/n/12 75\OML/txmi/m/it/12 ; \OT1/txr/m/n/12 87\OML/txmi/m/it/12 ; \OT1/txr/m/n/12 101\OML/txmi/m/it/12 ; \OT1/txr/m/n/12 103\OML/txmi/m/it/12 ; \OT1/txr/m/n/12 116\OML/txmi/m/it/12 ; \OT1/txr/m/n/12 107\OML/txmi/m/it/12 ; \OT1/txr/m/n/12 116\OML/txmi/m/it/12 ; \OT1/txr/m/n/12 113\OML/txmi/m/it/12 ; \OT1/txr/m/n/12 137\OML/txmi/m/it/12 ; \OT1/txr/m/n/12 148\OML/txmi/m/it/12 ; \OT1/txr/m/n/12 133\OML/txmi/m/it/12 ; \OT1/txr/m/n/12 150\OML/txmi/m/it/12 ; \OT1/txr/m/n/12 153\OML/txmi/m/it/12 ; \OT1/txr/m/n/12 165\OML/txmi/m/it/12 ; \OT1/txr/m/n/12 171\OML/txmi/m/it/12 ; \OT1/txr/m/n/12 161\OML/txmi/m/it/12 ; \OT1/txr/m/n/12 177\OML/txmi/m/it/12 ; \OT1/txr/m/n/12 209\OML/txmi/m/it/12 ; \OT1/txr/m/n/12 181\OML/txmi/m/it/12 ; \OT1/txr/m/n/12 231\OML/txmi/m/it/12 ; \OT1/txr/m/n/12 206\OML/txmi/m/it/12 ; \OT1/txr/m/n/12 212\OML/txmi/m/it/12 ; \OT1/txr/m/n/12 212\OML/txmi/m/it/12 ; \OT1/txr/m/n/12 237\OML/txmi/m/it/12 ; \OT1/txr/m/n/12 219\OML/txmi/m/it/12 ; \OT1/txr/m/n/12 222\OML/txmi/m/it/12 ; \OT1/txr/m/n/12 247\OML/txmi/m/it/12 ; \OT1/txr/m/n/12 229\OML/txmi/m/it/12 ; \OT1/txr/m/n/12 219\OML/txmi/m/it/12 ; \OT1/txr/m/n/12 238\OML/txmi/m/it/12 ; \OT1/txr/m/n/12 217\OML/txmi/m/it/12 ; \OT1/txr/m/n/12 216\OML/txmi/m/it/12 ; \OT1/txr/m/n/12 240\OML/txmi/m/it/12 ; \OT1/txr/m/n/12 276\OML/txmi/m/it/12 ; \OT1/txr/m/n/12 250\OML/txmi/m/it/12 ; \OT1/txr/m/n/12 247\OML/txmi/m/it/12 ; \OT1/txr/m/n/12 244\OML/txmi/m/it/12 ; \OT1/txr/m/n/12 259\OML/txmi/m/it/12 ; \OT1/txr/m/n/12 263\OML/txmi/m/it/12 ; \OT1/txr/m/n/12 249\OML/txmi/m/it/12 ; \OT1/txr/m/n/12 258\OML/txmi/m/it/12 ; \OT1/txr/m/n/12 226\OML/txmi/m/it/12 ; \OT1/txr/m/n/12 256\OML/txmi/m/it/12 ; \OT1/txr/m/n/12 250\OML/txmi/m/it/12 ; \OT1/txr/m/n/12 278\OML/txmi/m/it/12 ; \OT1/txr/m/n/12 243\OML/txmi/m/it/12 ; \OT1/txr/m/n/12 243\OML/txmi/m/it/12 ; \OT1/txr/m/n/12 240\OML/txmi/m/it/12 ; \OT1/txr/m/n/12 241\OML/txmi/m/it/12 ; \OT1/txr/m/n/12 230\OML/txmi/m/it/12 ; \OT1/txr/m/n/12 276\OML/txmi/m/it/12 ; \OT1/txr/m/n/12 238\OML/txmi/m/it/12 ; \OT1/txr/m/n/12 258\OML/txmi/m/it/12 ; \OT1/txr/m/n/12 236\OML/txmi/m/it/12 ; \OT1/txr/m/n/12 254\OML/txmi/m/it/12 ; \OT1/txr/m/n/12 223\OML/txmi/m/it/12 ; \OT1/txr/m/n/12 216\OML/txmi/m/it/12 ; \OT1/txr/m/n/12 230\OML/txmi/m/it/12 ; \OT1/txr/m/n/12 244\OML/txmi/m/it/12 ; \OT1/txr/m/n/12 234\OML/txmi/m/it/12 ; \OT1/txr/m/n/12 232\OML/txmi/m/it/12 ; \OT1/txr/m/n/12 193\OML/txmi/m/it/12 ; \OT1/txr/m/n/12 197\OML/txmi/m/it/12 ; \OT1/txr/m/n/12 198\OML/txmi/m/it/12 ; \OT1/txr/m/n/12 206\OML/txmi/m/it/12 ; \OT1/txr/m/n/12 202\OML/txmi/m/it/12 ; \OT1/txr/m/n/12 188\OML/txmi/m/it/12 ; \OT1/txr/m/n/12 176\OML/txmi/m/it/12 ; \OT1/txr/m/n/12 191\OML/txmi/m/it/12 ; \OT1/txr/m/n/12 186\OML/txmi/m/it/12 ; \OT1/txr/m/n/12 158\OML/txmi/m/it/12 ; \OT1/txr/m/n/12 149\OML/txmi/m/it/12 ; \OT1/txr/m/n/12 152\OML/txmi/m/it/12 ; \OT1/txr/m/n/12 148\OML/txmi/m/it/12 ; \OT1/txr/m/n/12 130\OML/txmi/m/it/12 ; \OT1/txr/m/n/12 129\OML/txmi/m/it/12 ; \OT1/txr/m/n/12 136\OML/txmi/m/it/12 ; \OT1/txr/m/n/12 138\OML/txmi/m/it/12 ; \OT1/txr/m/n/12 134\OML/txmi/m/it/12 ; \OT1/txr/m/n/12 124\OML/txmi/m/it/12 ; \OT1/txr/m/n/12 89\OML/txmi/m/it/12 ; \OT1/txr/m/n/12 100\OML/txmi/m/it/12 ; \OT1/txr/m/n/12 93\OML/txmi/m/it/12 ; \OT1/txr/m/n/12 94\OML/txmi/m/it/12 ; \OT1/txr/m/n/12 76\OML/txmi/m/it/12 ; \OT1/txr/m/n/12 60\OML/txmi/m/it/12 ; \OT1/txr/m/n/12 56\OML/txmi/m/it/12 ; \OT1/txr/m/n/12 45\OML/txmi/m/it/12 ; \OT1/txr/m/n/12 30\OML/txmi/m/it/12 ; \OT1/txr/m/n/12 28\OML/txmi/m/it/12 ; \OT1/txr/m/n/12 10\OML/txmi/m/it/12 ; \OT1/txr/m/n/12 11\OML/txmi/m/it/12 ; \OT1/txr/m/n/12 10)
 []


Underfull \hbox (badness 10000) in paragraph at lines 246--248

 []

("c:/Users\StefanoFochesatto\School Work\HomeworkFall2021\Scientific Sampling\HW#6\r4.txt"
Overfull \hbox (6.15886pt too wide) in paragraph at lines 10--11
[][][][][][][][][][][][][][][][][][][][][][][] 
 []


Overfull \hbox (70.95952pt too wide) in paragraph at lines 22--23
[][][][][][][][][][][][][][][][][] 
 []

[5]
Overfull \hbox (34.95915pt too wide) in paragraph at lines 27--28
[][][][][][][][][][][][][][][][][][][][][][][][][][][][][] 
 []

)
Underfull \hbox (badness 10000) in paragraph at lines 255--263

 []


Underfull \hbox (badness 10000) in paragraph at lines 274--278

 []


Underfull \hbox (badness 10000) in paragraph at lines 279--282

 []


Underfull \hbox (badness 10000) in paragraph at lines 282--286

 []

[6] ("c:/Users\StefanoFochesatto\School Work\HomeworkFall2021\Scientific Sampling\HW#6\r5.txt")

Package amsmath Warning: Foreign command \over;
(amsmath)                \frac or \genfrac should be used instead
(amsmath)                 on input line 298.


Underfull \hbox (badness 10000) in paragraph at lines 296--302

 []

("c:/Users\StefanoFochesatto\School Work\HomeworkFall2021\Scientific Sampling\HW#6\r6.txt"
Overfull \hbox (27.75908pt too wide) in paragraph at lines 5--6
[][][][][][][][][][][][][][][][][][] 
 []

) [7] ("c:/Users\StefanoFochesatto\School Work\HomeworkFall2021\Scientific Sampling\HW#6\Homework #6.aux") ) 
Here is how much of TeX's memory you used:
 5609 strings out of 479618
 77913 string characters out of 2859326
 374704 words of memory out of 3000000
 22684 multiletter control sequences out of 15000+200000
 421639 words of font info for 71 fonts, out of 3000000 for 9000
 1141 hyphenation exceptions out of 8191
 68i,11n,74p,359b,1802s stack positions out of 5000i,500n,10000p,200000b,50000s
{C:/Users/StefanoFochesatto/AppData/Local/Programs/MiKTeX/fonts/enc/dvips/base/8r.enc}<C:/Users/StefanoFochesatto/AppData/Local/Programs/MiKTeX/fonts/type1/public/txfonts/rtcxr.pfb><C:/Users/StefanoFochesatto/AppData/Local/Programs/MiKTeX/fonts/type1/public/txfonts/rtxmi.pfb><C:/Users/StefanoFochesatto/AppData/Local/Programs/MiKTeX/fonts/type1/public/txfonts/rtxr.pfb><C:/Users/StefanoFochesatto/AppData/Local/Programs/MiKTeX/fonts/type1/public/txfonts/txex.pfb><C:/Users/StefanoFochesatto/AppData/Local/Programs/MiKTeX/fonts/type1/public/txfonts/txsy.pfb><C:/Users/StefanoFochesatto/AppData/Local/Programs/MiKTeX/fonts/type1/urw/times/utmb8a.pfb><C:/Users/StefanoFochesatto/AppData/Local/Programs/MiKTeX/fonts/type1/urw/times/utmr8a.pfb><C:/Users/StefanoFochesatto/AppData/Local/Programs/MiKTeX/fonts/type1/urw/times/utmri8a.pfb>
Output written on "c:/Users\StefanoFochesatto\School Work\HomeworkFall2021\Scientific Sampling\HW#6\Homework #6.pdf" (7 pages, 73777 bytes).
PDF statistics:
 61 PDF objects out of 1000 (max. 8388607)
 0 named destinations out of 1000 (max. 500000)
 6 words of extra memory for PDF output out of 10000 (max. 10000000)

